<?xml version="1.0" encoding="UTF-8"?>
<!-- Generated by org.testng.reporters.JUnitReportReporter -->
<testsuite hostname="LAPTOP-E8ET9AMO" name="example.NewTest" tests="1" failures="0" timestamp="24 Jul 2018 03:23:21 GMT" time="6.460" errors="0">
  <testcase name="testEasy" time="6.460" classname="example.NewTest"/>
</testsuite> <!-- example.NewTest -->
